[debug] [2022-05-14T14:26:46.018Z] ----------------------------------------------------------------------
[debug] [2022-05-14T14:26:46.021Z] Command:       C:\Program Files\nodejs\node.exe C:\Users\Khalil\AppData\Roaming\npm\node_modules\firebase-tools\lib\bin\firebase.js init
[debug] [2022-05-14T14:26:46.022Z] CLI Version:   10.9.2
[debug] [2022-05-14T14:26:46.023Z] Platform:      win32
[debug] [2022-05-14T14:26:46.023Z] Node Version:  v16.15.0
[debug] [2022-05-14T14:26:46.024Z] Time:          Sat May 14 2022 15:26:46 GMT+0100 (UTC+01:00)
[debug] [2022-05-14T14:26:46.024Z] ----------------------------------------------------------------------
[debug] 
[debug] [2022-05-14T14:26:46.035Z] > command requires scopes: ["email","openid","https://www.googleapis.com/auth/cloudplatformprojects.readonly","https://www.googleapis.com/auth/firebase","https://www.googleapis.com/auth/cloud-platform"]
[debug] [2022-05-14T14:26:46.036Z] > authorizing via signed-in user (khalilelmhamdi3@gmail.com)
[info] 
     ######## #### ########  ######## ########     ###     ######  ########
     ##        ##  ##     ## ##       ##     ##  ##   ##  ##       ##
     ######    ##  ########  ######   ########  #########  ######  ######
     ##        ##  ##    ##  ##       ##     ## ##     ##       ## ##
     ##       #### ##     ## ######## ########  ##     ##  ######  ########

You're about to initialize a Firebase project in this directory:

  C:\react js\portfolio_website-STARTER

Before we get started, keep in mind:

  * You are currently outside your home directory

[info] 
=== Project Setup
[info] 
[info] First, let's associate this project directory with a Firebase project.
[info] You can create multiple project aliases by running firebase use --add, 
[info] but for now we'll just set up a default project.
[info] 
[debug] [2022-05-14T14:27:36.794Z] >>> [apiv2][query] GET https://firebase.googleapis.com/v1beta1/projects pageSize=100
[debug] [2022-05-14T14:27:37.557Z] <<< [apiv2][status] GET https://firebase.googleapis.com/v1beta1/projects 200
[debug] [2022-05-14T14:27:37.557Z] <<< [apiv2][body] GET https://firebase.googleapis.com/v1beta1/projects [omitted]
[info] i  Using project khalilportfolio-90187 (khalilportfolio) 
[info] 
=== Hosting Setup
[info] 
[info] Your public directory is the folder (relative to your project directory) that
[info] will contain Hosting assets to be uploaded with firebase deploy. If you
[info] have a build process for your assets, use your build's output directory.
[info] 
[info] +  Wrote public/404.html 
[debug] [2022-05-14T14:29:50.290Z] >>> [apiv2][query] GET https://www.gstatic.com/firebasejs/releases.json [none]
[debug] [2022-05-14T14:29:50.440Z] <<< [apiv2][status] GET https://www.gstatic.com/firebasejs/releases.json 200
[debug] [2022-05-14T14:29:50.440Z] <<< [apiv2][body] GET https://www.gstatic.com/firebasejs/releases.json {"current":{"version":"9.8.1","browserURL":"https://www.gstatic.com/firebasejs/9.8.1/firebase.js","packageURL":"https://www.gstatic.com/firebasejs/9.8.1/firebase.tgz"},"live":{"version":"9.8","browserURL":"https://www.gstatic.com/firebasejs/live/9.8/firebase.js","packageURL":"https://www.gstatic.com/firebasejs/live/9.8/firebase.tgz"},"components":{"analytics":"https://www.gstatic.com/firebasejs/9.8.1/firebase-analytics.js","app":"https://www.gstatic.com/firebasejs/9.8.1/firebase-app.js","app-check":"https://www.gstatic.com/firebasejs/9.8.1/firebase-app-check.js","auth":"https://www.gstatic.com/firebasejs/9.8.1/firebase-auth.js","auth/cordova":"https://www.gstatic.com/firebasejs/9.8.1/firebase-auth/cordova.js","auth/react-native":"https://www.gstatic.com/firebasejs/9.8.1/firebase-auth/react-native.js","functions":"https://www.gstatic.com/firebasejs/9.8.1/firebase-functions.js","firestore":"https://www.gstatic.com/firebasejs/9.8.1/firebase-firestore.js","firestore/lite":"https://www.gstatic.com/firebasejs/9.8.1/firebase-firestore/lite.js","storage":"https://www.gstatic.com/firebasejs/9.8.1/firebase-storage.js","performance":"https://www.gstatic.com/firebasejs/9.8.1/firebase-performance.js","remote-config":"https://www.gstatic.com/firebasejs/9.8.1/firebase-remote-config.js","messaging":"https://www.gstatic.com/firebasejs/9.8.1/firebase-messaging.js","messaging/sw":"https://www.gstatic.com/firebasejs/9.8.1/firebase-messaging/sw.js","database":"https://www.gstatic.com/firebasejs/9.8.1/firebase-database.js","firestore.memory":"https://www.gstatic.com/firebasejs/9.8.1/firebase-firestore.memory.js"}}
[info] +  Wrote public/index.html 
[info] 
[info] i  Didn't detect a .git folder. Assuming C:\react js\portfolio_website-STARTER is the project root. 
[info] i  Authorizing with GitHub to upload your service account to a GitHub repository's secrets store. 
[info] 
[info] Visit this URL on this device to log in:
[info] https://github.com/login/oauth/authorize?client_id=89cf50f02ac6aaed3484&state=759007583&redirect_uri=http%3A%2F%2Flocalhost%3A9005&scope=read%3Auser%20repo%20public_repo
[info] 
[info] Waiting for authentication...
[debug] [2022-05-14T14:30:02.792Z] >>> HTTP REQUEST POST https://github.com/login/oauth/access_token  
 {"client_id":"89cf50f02ac6aaed3484","client_secret":"3330d14abc895d9a74d5f17cd7a00711fa2c5bf0","code":"22fc2f79c47dc3b5c8d3","redirect_uri":"http://localhost:9005","state":"759007583"}
[debug] [2022-05-14T14:30:03.147Z] <<< HTTP RESPONSE 200 {"server":"GitHub.com","date":"Sat, 14 May 2022 14:30:03 GMT","content-type":"application/json; charset=utf-8","transfer-encoding":"chunked","vary":"X-PJAX, X-PJAX-Container, Accept-Encoding, Accept, X-Requested-With","permissions-policy":"interest-cohort=()","etag":"W/\"bfa3f7c55638fe16f4f141f8de2f3fd8\"","cache-control":"max-age=0, private, must-revalidate","strict-transport-security":"max-age=31536000; includeSubdomains; preload","x-frame-options":"deny","x-content-type-options":"nosniff","x-xss-protection":"0","referrer-policy":"origin-when-cross-origin, strict-origin-when-cross-origin","expect-ct":"max-age=2592000, report-uri=\"https://api.github.com/_private/browser/errors\"","content-security-policy":"default-src 'none'; base-uri 'self'; block-all-mixed-content; child-src github.com/assets-cdn/worker/ gist.github.com/assets-cdn/worker/; connect-src 'self' uploads.github.com objects-origin.githubusercontent.com www.githubstatus.com collector.github.com raw.githubusercontent.com api.github.com github-cloud.s3.amazonaws.com github-production-repository-file-5c1aeb.s3.amazonaws.com github-production-upload-manifest-file-7fdce7.s3.amazonaws.com github-production-user-asset-6210df.s3.amazonaws.com cdn.optimizely.com logx.optimizely.com/v1/events translator.github.com *.actions.githubusercontent.com wss://*.actions.githubusercontent.com online.visualstudio.com/api/v1/locations github-production-repository-image-32fea6.s3.amazonaws.com github-production-release-asset-2e65be.s3.amazonaws.com insights.github.com wss://alive.github.com; font-src github.githubassets.com; form-action 'self' github.com gist.github.com objects-origin.githubusercontent.com; frame-ancestors 'none'; frame-src render.githubusercontent.com viewscreen.githubusercontent.com notebooks.githubusercontent.com; img-src 'self' data: github.githubassets.com identicons.github.com github-cloud.s3.amazonaws.com secured-user-images.githubusercontent.com/ *.githubusercontent.com; manifest-src 'self'; media-src github.com user-images.githubusercontent.com/; script-src github.githubassets.com; style-src 'unsafe-inline' github.githubassets.com; worker-src github.com/assets-cdn/worker/ gist.github.com/assets-cdn/worker/","x-github-request-id":"FC67:4073:7BFB0:C80D2:627FBCEB"}
[debug] [2022-05-14T14:30:03.173Z] >>> [apiv2][query] GET https://api.github.com/user [none]
[debug] [2022-05-14T14:30:03.558Z] <<< [apiv2][status] GET https://api.github.com/user 200
[debug] [2022-05-14T14:30:03.558Z] <<< [apiv2][body] GET https://api.github.com/user {"login":"KhalilElMhamdi","id":63989059,"node_id":"MDQ6VXNlcjYzOTg5MDU5","avatar_url":"https://avatars.githubusercontent.com/u/63989059?v=4","gravatar_id":"","url":"https://api.github.com/users/KhalilElMhamdi","html_url":"https://github.com/KhalilElMhamdi","followers_url":"https://api.github.com/users/KhalilElMhamdi/followers","following_url":"https://api.github.com/users/KhalilElMhamdi/following{/other_user}","gists_url":"https://api.github.com/users/KhalilElMhamdi/gists{/gist_id}","starred_url":"https://api.github.com/users/KhalilElMhamdi/starred{/owner}{/repo}","subscriptions_url":"https://api.github.com/users/KhalilElMhamdi/subscriptions","organizations_url":"https://api.github.com/users/KhalilElMhamdi/orgs","repos_url":"https://api.github.com/users/KhalilElMhamdi/repos","events_url":"https://api.github.com/users/KhalilElMhamdi/events{/privacy}","received_events_url":"https://api.github.com/users/KhalilElMhamdi/received_events","type":"User","site_admin":false,"name":null,"company":null,"blog":"","location":null,"email":null,"hireable":null,"bio":null,"twitter_username":null,"public_repos":5,"public_gists":0,"followers":0,"following":1,"created_at":"2020-04-20T02:24:36Z","updated_at":"2022-04-26T04:35:44Z","private_gists":0,"total_private_repos":0,"owned_private_repos":0,"disk_usage":8060,"collaborators":0,"two_factor_authentication":false,"plan":{"name":"free","space":976562499,"collaborators":0,"private_repos":10000}}
[info] 
[info] +  Success! Logged into GitHub as KhalilElMhamdi 
[info] 
[debug] [2022-05-14T14:35:37.328Z] >>> [apiv2][query] GET https://api.github.com/repos/KhalilElMhamdi/actions/secrets/public-key type=owner
[debug] [2022-05-14T14:35:37.330Z] >>> [apiv2][query] GET https://api.github.com/repos///actions/secrets/public-key type=owner
[debug] [2022-05-14T14:35:37.334Z] >>> [apiv2][query] GET https://api.github.com/repos/NextJsPortfolio/actions/secrets/public-key type=owner
[debug] [2022-05-14T14:35:37.639Z] <<< [apiv2][status] GET https://api.github.com/repos/NextJsPortfolio/actions/secrets/public-key 404
[debug] [2022-05-14T14:35:37.640Z] <<< [apiv2][body] GET https://api.github.com/repos/NextJsPortfolio/actions/secrets/public-key {"message":"Not Found","documentation_url":"https://docs.github.com/rest"}
[debug] [2022-05-14T14:35:37.645Z] <<< [apiv2][status] GET https://api.github.com/repos///actions/secrets/public-key 404
[debug] [2022-05-14T14:35:37.646Z] <<< [apiv2][body] GET https://api.github.com/repos///actions/secrets/public-key {"message":"Not Found","documentation_url":"https://docs.github.com/rest"}
[debug] [2022-05-14T14:35:37.647Z] <<< [apiv2][status] GET https://api.github.com/repos/KhalilElMhamdi/actions/secrets/public-key 404
[debug] [2022-05-14T14:35:37.647Z] <<< [apiv2][body] GET https://api.github.com/repos/KhalilElMhamdi/actions/secrets/public-key {"message":"Not Found","documentation_url":"https://docs.github.com/rest"}
[debug] [2022-05-14T14:36:03.493Z] >>> [apiv2][query] GET https://api.github.com/repos/NextJsPortfolio/KhalilElMhamdi/actions/secrets/public-key type=owner
[debug] [2022-05-14T14:36:03.782Z] <<< [apiv2][status] GET https://api.github.com/repos/NextJsPortfolio/KhalilElMhamdi/actions/secrets/public-key 404
[debug] [2022-05-14T14:36:03.782Z] <<< [apiv2][body] GET https://api.github.com/repos/NextJsPortfolio/KhalilElMhamdi/actions/secrets/public-key {"message":"Not Found","documentation_url":"https://docs.github.com/rest/reference/actions#get-a-repository-public-key"}
[debug] [2022-05-14T14:36:20.081Z] >>> [apiv2][query] GET https://api.github.com/repos/KhalilElMhamdi/actions/secrets/public-key type=owner
[debug] [2022-05-14T14:36:20.085Z] >>> [apiv2][query] GET https://api.github.com/repos///actions/secrets/public-key type=owner
[debug] [2022-05-14T14:36:20.089Z] >>> [apiv2][query] GET https://api.github.com/repos/NextJsPortfolio/actions/secrets/public-key type=owner
[debug] [2022-05-14T14:36:20.371Z] <<< [apiv2][status] GET https://api.github.com/repos///actions/secrets/public-key 404
[debug] [2022-05-14T14:36:20.371Z] <<< [apiv2][body] GET https://api.github.com/repos///actions/secrets/public-key {"message":"Not Found","documentation_url":"https://docs.github.com/rest"}
[debug] [2022-05-14T14:36:20.385Z] <<< [apiv2][status] GET https://api.github.com/repos/NextJsPortfolio/actions/secrets/public-key 404
[debug] [2022-05-14T14:36:20.385Z] <<< [apiv2][body] GET https://api.github.com/repos/NextJsPortfolio/actions/secrets/public-key {"message":"Not Found","documentation_url":"https://docs.github.com/rest"}
[debug] [2022-05-14T14:36:20.389Z] <<< [apiv2][status] GET https://api.github.com/repos/KhalilElMhamdi/actions/secrets/public-key 404
[debug] [2022-05-14T14:36:20.390Z] <<< [apiv2][body] GET https://api.github.com/repos/KhalilElMhamdi/actions/secrets/public-key {"message":"Not Found","documentation_url":"https://docs.github.com/rest"}
[debug] [2022-05-14T14:36:53.715Z] >>> [apiv2][query] GET https://api.github.com/repos/KhalilElMhamd/NextJsPortfolio/actions/secrets/public-key type=owner
[debug] [2022-05-14T14:36:54.020Z] <<< [apiv2][status] GET https://api.github.com/repos/KhalilElMhamd/NextJsPortfolio/actions/secrets/public-key 404
[debug] [2022-05-14T14:36:54.020Z] <<< [apiv2][body] GET https://api.github.com/repos/KhalilElMhamd/NextJsPortfolio/actions/secrets/public-key {"message":"Not Found","documentation_url":"https://docs.github.com/rest/reference/actions#get-a-repository-public-key"}
